{"TracerIdentity":"client","TraceID":5128051958455561953,"Tag":"CreateTrace","Body":{},"VectorClock":{"client":1}}
{"TracerIdentity":"client","TraceID":5128051958455561953,"Tag":"GameStart","Body":{"Seed":100},"VectorClock":{"client":2}}
{"TracerIdentity":"client","TraceID":5128051958455561953,"Tag":"ClientMove","Body":{"GameState":null,"MoveRow":-1,"MoveCount":100},"VectorClock":{"client":3}}
{"TracerIdentity":"client","TraceID":5128051958455561953,"Tag":"ServerMoveReceive","Body":{"GameState":"CQEBAwMKCgU=","MoveRow":-1,"MoveCount":100},"VectorClock":{"client":4}}
{"TracerIdentity":"client","TraceID":5128051958455561953,"Tag":"ClientMove","Body":{"GameState":"CAEBAwMKCgU=","MoveRow":0,"MoveCount":1},"VectorClock":{"client":5}}
{"TracerIdentity":"client","TraceID":5128051958455561953,"Tag":"ServerMoveReceive","Body":{"GameState":"BwEBAwMKCgU=","MoveRow":0,"MoveCount":1},"VectorClock":{"client":6}}
{"TracerIdentity":"client","TraceID":5128051958455561953,"Tag":"ClientMove","Body":{"GameState":"BgEBAwMKCgU=","MoveRow":0,"MoveCount":1},"VectorClock":{"client":7}}
{"TracerIdentity":"client","TraceID":5128051958455561953,"Tag":"ServerMoveReceive","Body":{"GameState":"BQEBAwMKCgU=","MoveRow":0,"MoveCount":1},"VectorClock":{"client":8}}
{"TracerIdentity":"client","TraceID":5128051958455561953,"Tag":"ClientMove","Body":{"GameState":"BAEBAwMKCgU=","MoveRow":0,"MoveCount":1},"VectorClock":{"client":9}}
{"TracerIdentity":"client","TraceID":5128051958455561953,"Tag":"ServerMoveReceive","Body":{"GameState":"AwEBAwMKCgU=","MoveRow":0,"MoveCount":1},"VectorClock":{"client":10}}
{"TracerIdentity":"client","TraceID":5128051958455561953,"Tag":"ClientMove","Body":{"GameState":"AgEBAwMKCgU=","MoveRow":0,"MoveCount":1},"VectorClock":{"client":11}}
{"TracerIdentity":"client","TraceID":5128051958455561953,"Tag":"ServerMoveReceive","Body":{"GameState":"AQEBAwMKCgU=","MoveRow":0,"MoveCount":1},"VectorClock":{"client":12}}
{"TracerIdentity":"client","TraceID":5128051958455561953,"Tag":"ClientMove","Body":{"GameState":"AAEBAwMKCgU=","MoveRow":0,"MoveCount":1},"VectorClock":{"client":13}}
{"TracerIdentity":"client","TraceID":5128051958455561953,"Tag":"ServerMoveReceive","Body":{"GameState":"AAABAwMKCgU=","MoveRow":1,"MoveCount":1},"VectorClock":{"client":14}}
{"TracerIdentity":"client","TraceID":5128051958455561953,"Tag":"ClientMove","Body":{"GameState":"AAAAAwMKCgU=","MoveRow":2,"MoveCount":1},"VectorClock":{"client":15}}
{"TracerIdentity":"client","TraceID":5128051958455561953,"Tag":"ServerMoveReceive","Body":{"GameState":"AAAAAgMKCgU=","MoveRow":3,"MoveCount":1},"VectorClock":{"client":16}}
{"TracerIdentity":"client","TraceID":5128051958455561953,"Tag":"ClientMove","Body":{"GameState":"AAAAAQMKCgU=","MoveRow":3,"MoveCount":1},"VectorClock":{"client":17}}
{"TracerIdentity":"client","TraceID":5128051958455561953,"Tag":"ServerMoveReceive","Body":{"GameState":"AAAAAAMKCgU=","MoveRow":3,"MoveCount":1},"VectorClock":{"client":18}}
{"TracerIdentity":"client","TraceID":5128051958455561953,"Tag":"ClientMove","Body":{"GameState":"AAAAAAIKCgU=","MoveRow":4,"MoveCount":1},"VectorClock":{"client":19}}
{"TracerIdentity":"client","TraceID":5128051958455561953,"Tag":"ServerMoveReceive","Body":{"GameState":"AAAAAAEKCgU=","MoveRow":4,"MoveCount":1},"VectorClock":{"client":20}}
{"TracerIdentity":"client","TraceID":5128051958455561953,"Tag":"ClientMove","Body":{"GameState":"AAAAAAAKCgU=","MoveRow":4,"MoveCount":1},"VectorClock":{"client":21}}
{"TracerIdentity":"client","TraceID":5128051958455561953,"Tag":"ServerMoveReceive","Body":{"GameState":"AAAAAAAJCgU=","MoveRow":5,"MoveCount":1},"VectorClock":{"client":22}}
{"TracerIdentity":"client","TraceID":5128051958455561953,"Tag":"ClientMove","Body":{"GameState":"AAAAAAAICgU=","MoveRow":5,"MoveCount":1},"VectorClock":{"client":23}}
{"TracerIdentity":"client","TraceID":5128051958455561953,"Tag":"ServerMoveReceive","Body":{"GameState":"AAAAAAAHCgU=","MoveRow":5,"MoveCount":1},"VectorClock":{"client":24}}
{"TracerIdentity":"client","TraceID":5128051958455561953,"Tag":"ClientMove","Body":{"GameState":"AAAAAAAGCgU=","MoveRow":5,"MoveCount":1},"VectorClock":{"client":25}}
{"TracerIdentity":"client","TraceID":5128051958455561953,"Tag":"ServerMoveReceive","Body":{"GameState":"AAAAAAAFCgU=","MoveRow":5,"MoveCount":1},"VectorClock":{"client":26}}
{"TracerIdentity":"client","TraceID":5128051958455561953,"Tag":"ClientMove","Body":{"GameState":"AAAAAAAECgU=","MoveRow":5,"MoveCount":1},"VectorClock":{"client":27}}
{"TracerIdentity":"client","TraceID":5128051958455561953,"Tag":"ServerMoveReceive","Body":{"GameState":"AAAAAAADCgU=","MoveRow":5,"MoveCount":1},"VectorClock":{"client":28}}
{"TracerIdentity":"client","TraceID":5128051958455561953,"Tag":"ClientMove","Body":{"GameState":"AAAAAAACCgU=","MoveRow":5,"MoveCount":1},"VectorClock":{"client":29}}
{"TracerIdentity":"client","TraceID":5128051958455561953,"Tag":"ServerMoveReceive","Body":{"GameState":"AAAAAAABCgU=","MoveRow":5,"MoveCount":1},"VectorClock":{"client":30}}
{"TracerIdentity":"client","TraceID":5128051958455561953,"Tag":"ClientMove","Body":{"GameState":"AAAAAAAACgU=","MoveRow":5,"MoveCount":1},"VectorClock":{"client":31}}
{"TracerIdentity":"client","TraceID":5128051958455561953,"Tag":"ServerMoveReceive","Body":{"GameState":"AAAAAAAACQU=","MoveRow":6,"MoveCount":1},"VectorClock":{"client":32}}
{"TracerIdentity":"client","TraceID":5128051958455561953,"Tag":"ClientMove","Body":{"GameState":"AAAAAAAACAU=","MoveRow":6,"MoveCount":1},"VectorClock":{"client":33}}
{"TracerIdentity":"client","TraceID":5128051958455561953,"Tag":"ServerMoveReceive","Body":{"GameState":"AAAAAAAABwU=","MoveRow":6,"MoveCount":1},"VectorClock":{"client":34}}
{"TracerIdentity":"client","TraceID":5128051958455561953,"Tag":"ClientMove","Body":{"GameState":"AAAAAAAABgU=","MoveRow":6,"MoveCount":1},"VectorClock":{"client":35}}
{"TracerIdentity":"client","TraceID":5128051958455561953,"Tag":"ServerMoveReceive","Body":{"GameState":"AAAAAAAABQU=","MoveRow":6,"MoveCount":1},"VectorClock":{"client":36}}
{"TracerIdentity":"client","TraceID":5128051958455561953,"Tag":"ClientMove","Body":{"GameState":"AAAAAAAABAU=","MoveRow":6,"MoveCount":1},"VectorClock":{"client":37}}
{"TracerIdentity":"client","TraceID":5128051958455561953,"Tag":"ServerMoveReceive","Body":{"GameState":"AAAAAAAAAwU=","MoveRow":6,"MoveCount":1},"VectorClock":{"client":38}}
{"TracerIdentity":"client","TraceID":5128051958455561953,"Tag":"ClientMove","Body":{"GameState":"AAAAAAAAAgU=","MoveRow":6,"MoveCount":1},"VectorClock":{"client":39}}
{"TracerIdentity":"client","TraceID":5128051958455561953,"Tag":"ServerMoveReceive","Body":{"GameState":"AAAAAAAAAQU=","MoveRow":6,"MoveCount":1},"VectorClock":{"client":40}}
{"TracerIdentity":"client","TraceID":5128051958455561953,"Tag":"ClientMove","Body":{"GameState":"AAAAAAAAAAU=","MoveRow":6,"MoveCount":1},"VectorClock":{"client":41}}
{"TracerIdentity":"client","TraceID":5128051958455561953,"Tag":"ServerMoveReceive","Body":{"GameState":"AAAAAAAAAAQ=","MoveRow":7,"MoveCount":1},"VectorClock":{"client":42}}
{"TracerIdentity":"client","TraceID":5128051958455561953,"Tag":"ClientMove","Body":{"GameState":"AAAAAAAAAAM=","MoveRow":7,"MoveCount":1},"VectorClock":{"client":43}}
{"TracerIdentity":"client","TraceID":5128051958455561953,"Tag":"ServerMoveReceive","Body":{"GameState":"AAAAAAAAAAI=","MoveRow":7,"MoveCount":1},"VectorClock":{"client":44}}
{"TracerIdentity":"client","TraceID":5128051958455561953,"Tag":"ClientMove","Body":{"GameState":"AAAAAAAAAAE=","MoveRow":7,"MoveCount":1},"VectorClock":{"client":45}}
{"TracerIdentity":"client","TraceID":5128051958455561953,"Tag":"ServerMoveReceive","Body":{"GameState":"AAAAAAAAAAA=","MoveRow":7,"MoveCount":1},"VectorClock":{"client":46}}
{"TracerIdentity":"client","TraceID":5128051958455561953,"Tag":"GameComplete","Body":{"Winner":"Server"},"VectorClock":{"client":47}}
